<?xml version="1.0" encoding="UTF-8"?>
<testsuite xmlns:xsi="http://www.w3.org/2001/XMLSchema-instance" xsi:noNamespaceSchemaLocation="https://maven.apache.org/surefire/maven-surefire-plugin/xsd/surefire-test-report-3.0.xsd" version="3.0" name="com.p2p.LoanServiceTest" time="0.712" tests="4" errors="0" skipped="0" failures="0">
  <properties>
[...]
</properties>
  <testcase name="shouldRejectLoanWhenCreditScoreLow" classname="com.p2p.LoanServiceTest" time="0.033">
    <system-out><![CDATA[21:54:03 [INFO] LoanServiceTest - ========== TC-04: START ==========
21:54:03 [INFO] LoanServiceTest - Skenario: Borrower verified tapi credit score rendah
21:54:03 [INFO] LoanServiceTest - Arrange: Borrower(verified=true, creditScore=400), amount=5000
21:54:03 [INFO] LoanServiceTest - Act: Memanggil createLoan()
21:54:03 [INFO] LoanService - Menerima permintaan loan - Verified: true, CreditScore: 400, Amount: 5000
21:54:03 [INFO] LoanService - Validasi borrower BERHASIL - KYC verified
21:54:03 [INFO] LoanService - Validasi amount BERHASIL - Amount: 5000
21:54:03 [INFO] LoanService - Loan object dibuat dengan status awal: PENDING
21:54:03 [WARN] LoanService - Loan REJECTED - Credit Score: 400 (< 600)
21:54:03 [INFO] LoanService - Proses createLoan selesai - Status akhir: REJECTED
21:54:03 [INFO] LoanServiceTest - Assert: Loan status = REJECTED ?
21:54:03 [INFO] LoanServiceTest - ========== TC-04: PASSED ? ==========
]]></system-out>
  </testcase>
  <testcase name="shouldApproveLoanWhenCreditScoreHigh" classname="com.p2p.LoanServiceTest" time="0.004">
    <system-out><![CDATA[21:54:03 [INFO] LoanServiceTest - ========== TC-03: START ==========
21:54:03 [INFO] LoanServiceTest - Skenario: Borrower verified dengan credit score tinggi
21:54:03 [INFO] LoanServiceTest - Arrange: Borrower(verified=true, creditScore=750), amount=5000
21:54:03 [INFO] LoanServiceTest - Act: Memanggil createLoan()
21:54:03 [INFO] LoanService - Menerima permintaan loan - Verified: true, CreditScore: 750, Amount: 5000
21:54:03 [INFO] LoanService - Validasi borrower BERHASIL - KYC verified
21:54:03 [INFO] LoanService - Validasi amount BERHASIL - Amount: 5000
21:54:03 [INFO] LoanService - Loan object dibuat dengan status awal: PENDING
21:54:03 [INFO] LoanService - Loan APPROVED - Credit Score: 750 (>= 600)
21:54:03 [INFO] LoanService - Proses createLoan selesai - Status akhir: APPROVED
21:54:03 [INFO] LoanServiceTest - Assert: Loan status = APPROVED ?
21:54:03 [INFO] LoanServiceTest - ========== TC-03: PASSED ? ==========
]]></system-out>
  </testcase>
  <testcase name="shouldRejectLoanWhenAmountIsZeroOrNegative" classname="com.p2p.LoanServiceTest" time="0.012">
    <system-out><![CDATA[21:54:03 [INFO] LoanServiceTest - ========== TC-02: START ==========
21:54:03 [INFO] LoanServiceTest - Skenario: Borrower valid, tapi amount <= 0
21:54:03 [INFO] LoanServiceTest - Arrange: Borrower(verified=true, creditScore=700)
21:54:03 [INFO] LoanServiceTest - Act: Mencoba createLoan dengan amount = 0
21:54:03 [INFO] LoanService - Menerima permintaan loan - Verified: true, CreditScore: 700, Amount: 0
21:54:03 [INFO] LoanService - Validasi borrower BERHASIL - KYC verified
21:54:03 [ERROR] LoanService - VALIDASI GAGAL - Amount tidak valid: 0
21:54:03 [INFO] LoanServiceTest - Assert: Exception dilempar untuk amount = 0 ?
21:54:03 [INFO] LoanServiceTest - Act: Mencoba createLoan dengan amount = -500
21:54:03 [INFO] LoanService - Menerima permintaan loan - Verified: true, CreditScore: 700, Amount: -500
21:54:03 [INFO] LoanService - Validasi borrower BERHASIL - KYC verified
21:54:03 [ERROR] LoanService - VALIDASI GAGAL - Amount tidak valid: -500
21:54:03 [INFO] LoanServiceTest - Assert: Exception dilempar untuk amount = -500 ?
21:54:03 [INFO] LoanServiceTest - ========== TC-02: PASSED ? ==========
]]></system-out>
  </testcase>
  <testcase name="shouldRejectLoanWhenBorrowerNotVerified" classname="com.p2p.LoanServiceTest" time="0.009">
    <system-out><![CDATA[21:54:03 [INFO] LoanServiceTest - ========== TC-01: START ==========
21:54:03 [INFO] LoanServiceTest - Skenario: Borrower TIDAK terverifikasi mencoba mengajukan loan
21:54:03 [INFO] LoanServiceTest - Arrange: Borrower(verified=false, creditScore=700), amount=1000
21:54:03 [INFO] LoanService - Menerima permintaan loan - Verified: false, CreditScore: 700, Amount: 1000
21:54:03 [ERROR] LoanService - VALIDASI GAGAL - Borrower tidak terverifikasi (KYC = false)
21:54:03 [INFO] LoanServiceTest - Assert: IllegalArgumentException BERHASIL dilempar
21:54:03 [INFO] LoanServiceTest - ========== TC-01: PASSED ? ==========
]]></system-out>
  </testcase>
</testsuite>